TN:
SF:src/core/response/httpresponse.ts
FN:5,(anonymous_0)
FNF:1
FNH:1
FNDA:2,(anonymous_0)
DA:1,1
DA:6,2
DA:7,2
DA:8,2
LF:4
LH:4
BRF:0
BRH:0
end_of_record
TN:
SF:src/modules/indodax/indodax.module.ts
FN:5,registerIndodaxModule
FNF:1
FNH:1
FNDA:1,registerIndodaxModule
DA:1,1
DA:2,1
DA:3,1
DA:5,1
DA:7,1
DA:8,1
DA:11,1
LF:7
LH:7
BRF:0
BRH:0
end_of_record
TN:
SF:src/modules/indodax/indodax.service.ts
FN:12,(anonymous_14)
FN:17,(anonymous_15)
FN:27,(anonymous_16)
FNF:3
FNH:2
FNDA:1,(anonymous_14)
FNDA:1,(anonymous_15)
FNDA:0,(anonymous_16)
DA:1,1
DA:2,1
DA:3,1
DA:4,1
DA:5,1
DA:9,1
DA:10,1
DA:13,1
DA:14,1
DA:18,1
DA:19,1
DA:20,1
DA:21,1
DA:23,0
DA:28,0
DA:29,0
DA:30,0
DA:32,0
DA:33,0
DA:34,0
DA:35,0
DA:38,0
DA:40,0
DA:44,0
DA:45,0
DA:57,0
DA:59,0
DA:60,0
DA:63,0
DA:65,0
LF:30
LH:13
BRDA:27,0,0,0
BRDA:59,1,0,0
BRDA:59,1,1,0
BRF:3
BRH:0
end_of_record
TN:
SF:src/modules/indodax/tokens.ts
FNF:0
FNH:0
DA:1,1
LF:1
LH:1
BRF:0
BRH:0
end_of_record
TN:
SF:src/modules/xendit/tokens.ts
FNF:0
FNH:0
DA:1,1
LF:1
LH:1
BRF:0
BRH:0
end_of_record
TN:
SF:src/modules/xendit/xendit.module.ts
FN:13,registerXenditModule
FNF:1
FNH:1
FNDA:1,registerXenditModule
DA:1,1
DA:2,1
DA:3,1
DA:4,1
DA:6,1
DA:9,1
DA:10,1
DA:11,1
DA:13,1
DA:14,1
DA:15,1
DA:16,1
DA:17,1
LF:13
LH:13
BRDA:10,0,0,1
BRDA:10,0,1,0
BRDA:11,1,0,1
BRDA:11,1,1,0
BRF:4
BRH:2
end_of_record
TN:
SF:src/modules/xendit/xendit.service.ts
FN:10,(anonymous_4)
FN:16,(anonymous_5)
FN:50,(anonymous_6)
FN:64,(anonymous_7)
FN:68,(anonymous_8)
FN:98,(anonymous_9)
FNF:6
FNH:6
FNDA:1,(anonymous_4)
FNDA:1,(anonymous_5)
FNDA:1,(anonymous_6)
FNDA:1,(anonymous_7)
FNDA:1,(anonymous_8)
FNDA:1,(anonymous_9)
DA:1,1
DA:3,1
DA:4,1
DA:9,1
DA:11,1
DA:12,1
DA:13,1
DA:17,1
DA:19,1
DA:39,1
DA:40,1
DA:41,1
DA:43,0
DA:44,0
DA:46,0
DA:51,1
DA:52,1
DA:55,0
DA:57,1
DA:58,1
DA:60,1
DA:65,1
DA:69,1
DA:74,1
DA:84,1
DA:85,1
DA:90,1
DA:92,0
DA:93,0
DA:94,0
DA:99,1
DA:100,1
DA:102,1
DA:103,1
DA:104,1
LF:35
LH:28
BRDA:17,0,0,1
BRDA:17,0,1,0
BRDA:43,1,0,0
BRDA:43,1,1,0
BRDA:44,2,0,0
BRDA:44,2,1,0
BRDA:57,3,0,1
BRDA:57,3,1,0
BRDA:58,4,0,1
BRDA:58,4,1,0
BRDA:75,5,0,1
BRDA:75,5,1,1
BRDA:79,6,0,1
BRDA:79,6,1,0
BRDA:87,7,0,1
BRDA:87,7,1,1
BRDA:92,8,0,0
BRDA:92,8,1,0
BRDA:93,9,0,0
BRDA:93,9,1,0
BRDA:102,10,0,1
BRDA:102,10,1,0
BRDA:103,11,0,1
BRDA:103,11,1,0
BRF:24
BRH:10
end_of_record
